<?xml version="1.0" encoding="UTF-8"?>
<!-- Generated by org.testng.reporters.JUnitReportReporter -->
<testsuite skipped="0" hostname="QPros-AmaniS" name="org.example.testRunner.runners" tests="2" failures="0" timestamp="2022-12-29T00:47:37 EET" time="40.092" errors="0">
  <testcase name="runScenario" time="19.018" classname="org.example.testRunner.runners"/>
  <system-out/>
  <testcase name="runScenario" time="21.074" classname="org.example.testRunner.runners"/>
  <system-out/>
</testsuite> <!-- org.example.testRunner.runners -->
